<?xml version="1.0" encoding="UTF-8"?>
<testsuite xmlns:xsi="http://www.w3.org/2001/XMLSchema-instance" xsi:noNamespaceSchemaLocation="https://maven.apache.org/surefire/maven-surefire-plugin/xsd/surefire-test-report-3.0.xsd" version="3.0" name="tudor.work.auth.AuthControllerTest" time="1.424" tests="7" errors="0" skipped="0" failures="0">
  <properties>
[...]
</properties>
  <testcase name="AuthController_regiser_ResponseEntity" classname="tudor.work.auth.AuthControllerTest" time="0.067">
    <system-out><![CDATA[2023-12-19 20:39:01.921  INFO 3220 --- [           main] .b.t.a.w.s.WebMvcTestContextBootstrapper : Neither @ContextConfiguration nor @ContextHierarchy found for test class [tudor.work.auth.AuthControllerTest], using SpringBootContextLoader
2023-12-19 20:39:01.923  INFO 3220 --- [           main] o.s.t.c.support.AbstractContextLoader    : Could not detect default resource locations for test class [tudor.work.auth.AuthControllerTest]: no resource found for suffixes {-context.xml, Context.groovy}.
2023-12-19 20:39:01.923  INFO 3220 --- [           main] t.c.s.AnnotationConfigContextLoaderUtils : Could not detect default configuration classes for test class [tudor.work.auth.AuthControllerTest]: AuthControllerTest does not declare any static, non-private, non-final, nested classes annotated with @Configuration.
2023-12-19 20:39:01.948  INFO 3220 --- [           main] .b.t.c.SpringBootTestContextBootstrapper : Found @SpringBootConfiguration tudor.work.AuthorizationApplication for test class tudor.work.auth.AuthControllerTest
2023-12-19 20:39:01.955  INFO 3220 --- [           main] .b.t.a.w.s.WebMvcTestContextBootstrapper : Loaded default TestExecutionListener class names from location [META-INF/spring.factories]: [org.springframework.boot.test.mock.mockito.MockitoTestExecutionListener, org.springframework.boot.test.mock.mockito.ResetMocksTestExecutionListener, org.springframework.boot.test.autoconfigure.restdocs.RestDocsTestExecutionListener, org.springframework.boot.test.autoconfigure.web.client.MockRestServiceServerResetTestExecutionListener, org.springframework.boot.test.autoconfigure.web.servlet.MockMvcPrintOnlyOnFailureTestExecutionListener, org.springframework.boot.test.autoconfigure.web.servlet.WebDriverTestExecutionListener, org.springframework.boot.test.autoconfigure.webservices.client.MockWebServiceServerTestExecutionListener, org.springframework.test.context.web.ServletTestExecutionListener, org.springframework.test.context.support.DirtiesContextBeforeModesTestExecutionListener, org.springframework.test.context.event.ApplicationEventsTestExecutionListener, org.springframework.test.context.support.DependencyInjectionTestExecutionListener, org.springframework.test.context.support.DirtiesContextTestExecutionListener, org.springframework.test.context.transaction.TransactionalTestExecutionListener, org.springframework.test.context.jdbc.SqlScriptsTestExecutionListener, org.springframework.test.context.event.EventPublishingTestExecutionListener]
2023-12-19 20:39:01.958  INFO 3220 --- [           main] .b.t.a.w.s.WebMvcTestContextBootstrapper : Using TestExecutionListeners: [org.springframework.test.context.web.ServletTestExecutionListener@62509b77, org.springframework.test.context.support.DirtiesContextBeforeModesTestExecutionListener@400c0d26, org.springframework.test.context.event.ApplicationEventsTestExecutionListener@1b261005, org.springframework.boot.test.mock.mockito.MockitoTestExecutionListener@339de67e, org.springframework.boot.test.autoconfigure.SpringBootDependencyInjectionTestExecutionListener@55704859, org.springframework.test.context.support.DirtiesContextTestExecutionListener@75351aec, org.springframework.test.context.transaction.TransactionalTestExecutionListener@5e388a77, org.springframework.test.context.jdbc.SqlScriptsTestExecutionListener@24a29d8, org.springframework.test.context.event.EventPublishingTestExecutionListener@55af9b48, org.springframework.boot.test.mock.mockito.ResetMocksTestExecutionListener@890196b, org.springframework.boot.test.autoconfigure.restdocs.RestDocsTestExecutionListener@12e1413c, org.springframework.boot.test.autoconfigure.web.client.MockRestServiceServerResetTestExecutionListener@41b6ae51, org.springframework.boot.test.autoconfigure.web.servlet.MockMvcPrintOnlyOnFailureTestExecutionListener@686a08f4, org.springframework.boot.test.autoconfigure.web.servlet.WebDriverTestExecutionListener@60b90fd3, org.springframework.boot.test.autoconfigure.webservices.client.MockWebServiceServerTestExecutionListener@78494a59]
_______       ___________              _____             __________
___    |___  ___  /___  /_________________(_)___________ __  /___(_)____________
__  /| |  / / /  __/_  __ \  __ \_  ___/_  /___  /_  __ `/  __/_  /_  __ \_  __ \
_  ___ / /_/ // /_ _  / / / /_/ /  /   _  / __  /_/ /_/ // /_ _  / / /_/ /  / / /
/_/  |_\__,_/ \__/ /_/ /_/\____//_/    /_/  _____/\__,_/ \__/ /_/  \____//_/ /_/
2023-12-19 20:39:02.274  INFO 3220 --- [           main] tudor.work.auth.AuthControllerTest       : Starting AuthControllerTest using Java 17.0.7 on Tudor-NB with PID 3220 (started by Tudor in C:\Users\Tudor\Desktop\Facultate\Licenta2023\fittness-app\parent-module\authorization)
2023-12-19 20:39:02.275  INFO 3220 --- [           main] tudor.work.auth.AuthControllerTest       : No active profile set, falling back to default profiles: default
2023-12-19 20:39:03.110 DEBUG 3220 --- [           main] edFilterInvocationSecurityMetadataSource : Adding web access control expression [authenticated] for any request
2023-12-19 20:39:03.136  INFO 3220 --- [           main] o.s.s.web.DefaultSecurityFilterChain     : Will secure any request with [org.springframework.security.web.context.request.async.WebAsyncManagerIntegrationFilter@11bb0655, org.springframework.security.web.context.SecurityContextPersistenceFilter@31475919, org.springframework.security.web.header.HeaderWriterFilter@6d49bd08, org.springframework.security.web.csrf.CsrfFilter@7b1466e3, org.springframework.security.web.authentication.logout.LogoutFilter@44a1e5d2, org.springframework.security.oauth2.client.web.OAuth2AuthorizationRequestRedirectFilter@69924070, org.springframework.security.oauth2.client.web.OAuth2AuthorizationRequestRedirectFilter@430e9d37, org.springframework.security.oauth2.client.web.OAuth2LoginAuthenticationFilter@496a514f, org.springframework.security.web.authentication.ui.DefaultLoginPageGeneratingFilter@69765d94, org.springframework.security.web.authentication.ui.DefaultLogoutPageGeneratingFilter@372e01e0, org.springframework.security.web.savedrequest.RequestCacheAwareFilter@13e6b26c, org.springframework.security.web.servletapi.SecurityContextHolderAwareRequestFilter@33e7ece5, org.springframework.security.web.authentication.AnonymousAuthenticationFilter@54fc7fce, org.springframework.security.oauth2.client.web.OAuth2AuthorizationCodeGrantFilter@1e299e3f, org.springframework.security.web.session.SessionManagementFilter@19e86461, org.springframework.security.web.access.ExceptionTranslationFilter@3532f633, org.springframework.security.web.access.intercept.FilterSecurityInterceptor@339b1c34]
2023-12-19 20:39:03.187  INFO 3220 --- [           main] o.s.b.t.m.w.SpringBootMockServletContext : Initializing Spring TestDispatcherServlet ''
2023-12-19 20:39:03.187  INFO 3220 --- [           main] o.s.t.web.servlet.TestDispatcherServlet  : Initializing Servlet ''
2023-12-19 20:39:03.187  INFO 3220 --- [           main] o.s.t.web.servlet.TestDispatcherServlet  : Completed initialization in 0 ms
2023-12-19 20:39:03.199  INFO 3220 --- [           main] tudor.work.auth.AuthControllerTest       : Started AuthControllerTest in 1.232 seconds (JVM running for 19.533)
]]></system-out>
  </testcase>
  <testcase name="AuthController_login_ResponseEntitiy_FORBIDDEN" classname="tudor.work.auth.AuthControllerTest" time="0.011"/>
  <testcase name="AuthController_validateToken_ResponseEntity" classname="tudor.work.auth.AuthControllerTest" time="0.014"/>
  <testcase name="AuthController_regiser_ResponseEntity_BADREQUEST" classname="tudor.work.auth.AuthControllerTest" time="0.007"/>
  <testcase name="AuthController_login_ResponseEntitiy" classname="tudor.work.auth.AuthControllerTest" time="0.009"/>
  <testcase name="AuthController_forgotPassword_ResponseEntity_BADREQUEST" classname="tudor.work.auth.AuthControllerTest" time="0.011">
    <system-out><![CDATA[2023-12-19 20:39:03.327  WARN 3220 --- [           main] .w.s.m.s.DefaultHandlerExceptionResolver : Resolved [org.springframework.http.converter.HttpMessageNotReadableException: Required request body is missing: public org.springframework.http.ResponseEntity<?> tudor.work.auth.AuthController.forgotPasswordHandler(java.util.Map<java.lang.String, java.lang.String>)]
]]></system-out>
  </testcase>
  <testcase name="AuthController_forgotPassword_ResponseEntity" classname="tudor.work.auth.AuthControllerTest" time="0.007"/>
</testsuite>