<?xml version="1.0" encoding="UTF-8"?>
<testsuite xmlns:xsi="http://www.w3.org/2001/XMLSchema-instance" xsi:noNamespaceSchemaLocation="https://maven.apache.org/surefire/maven-surefire-plugin/xsd/surefire-test-report-3.0.xsd" version="3.0" name="tudor.work.auth.AuthControllerTest" time="5.13" tests="7" errors="0" skipped="0" failures="0">
  <properties>
[...]
</properties>
  <testcase name="AuthController_regiser_ResponseEntity" classname="tudor.work.auth.AuthControllerTest" time="0.36">
    <system-out><![CDATA[12:34:47.455 [main] DEBUG org.springframework.test.context.BootstrapUtils - Instantiating CacheAwareContextLoaderDelegate from class [org.springframework.test.context.cache.DefaultCacheAwareContextLoaderDelegate]
12:34:47.456 [main] DEBUG org.springframework.test.context.BootstrapUtils - Instantiating BootstrapContext using constructor [public org.springframework.test.context.support.DefaultBootstrapContext(java.lang.Class,org.springframework.test.context.CacheAwareContextLoaderDelegate)]
12:34:47.459 [main] DEBUG org.springframework.test.context.BootstrapUtils - Instantiating TestContextBootstrapper for test class [tudor.work.auth.AuthControllerTest] from class [org.springframework.boot.test.autoconfigure.web.servlet.WebMvcTestContextBootstrapper]
12:34:47.462 [main] INFO org.springframework.boot.test.autoconfigure.web.servlet.WebMvcTestContextBootstrapper - Neither @ContextConfiguration nor @ContextHierarchy found for test class [tudor.work.auth.AuthControllerTest], using SpringBootContextLoader
12:34:47.464 [main] DEBUG org.springframework.test.context.support.AbstractContextLoader - Did not detect default resource location for test class [tudor.work.auth.AuthControllerTest]: class path resource [tudor/work/auth/AuthControllerTest-context.xml] does not exist
12:34:47.466 [main] DEBUG org.springframework.test.context.support.AbstractContextLoader - Did not detect default resource location for test class [tudor.work.auth.AuthControllerTest]: class path resource [tudor/work/auth/AuthControllerTestContext.groovy] does not exist
12:34:47.466 [main] INFO org.springframework.test.context.support.AbstractContextLoader - Could not detect default resource locations for test class [tudor.work.auth.AuthControllerTest]: no resource found for suffixes {-context.xml, Context.groovy}.
12:34:47.466 [main] INFO org.springframework.test.context.support.AnnotationConfigContextLoaderUtils - Could not detect default configuration classes for test class [tudor.work.auth.AuthControllerTest]: AuthControllerTest does not declare any static, non-private, non-final, nested classes annotated with @Configuration.
12:34:47.513 [main] DEBUG org.springframework.test.context.support.ActiveProfilesUtils - Could not find an 'annotation declaring class' for annotation type [org.springframework.test.context.ActiveProfiles] and class [tudor.work.auth.AuthControllerTest]
12:34:47.515 [main] INFO org.springframework.boot.test.context.SpringBootTestContextBootstrapper - Found @SpringBootConfiguration tudor.work.AuthorizationApplication for test class tudor.work.auth.AuthControllerTest
12:34:47.516 [main] DEBUG org.springframework.boot.test.autoconfigure.web.servlet.WebMvcTestContextBootstrapper - @TestExecutionListeners is not present for class [tudor.work.auth.AuthControllerTest]: using defaults.
12:34:47.517 [main] INFO org.springframework.boot.test.autoconfigure.web.servlet.WebMvcTestContextBootstrapper - Loaded default TestExecutionListener class names from location [META-INF/spring.factories]: [org.springframework.boot.test.mock.mockito.MockitoTestExecutionListener, org.springframework.boot.test.mock.mockito.ResetMocksTestExecutionListener, org.springframework.boot.test.autoconfigure.restdocs.RestDocsTestExecutionListener, org.springframework.boot.test.autoconfigure.web.client.MockRestServiceServerResetTestExecutionListener, org.springframework.boot.test.autoconfigure.web.servlet.MockMvcPrintOnlyOnFailureTestExecutionListener, org.springframework.boot.test.autoconfigure.web.servlet.WebDriverTestExecutionListener, org.springframework.boot.test.autoconfigure.webservices.client.MockWebServiceServerTestExecutionListener, org.springframework.test.context.web.ServletTestExecutionListener, org.springframework.test.context.support.DirtiesContextBeforeModesTestExecutionListener, org.springframework.test.context.event.ApplicationEventsTestExecutionListener, org.springframework.test.context.support.DependencyInjectionTestExecutionListener, org.springframework.test.context.support.DirtiesContextTestExecutionListener, org.springframework.test.context.transaction.TransactionalTestExecutionListener, org.springframework.test.context.jdbc.SqlScriptsTestExecutionListener, org.springframework.test.context.event.EventPublishingTestExecutionListener]
12:34:47.518 [main] INFO org.springframework.boot.test.autoconfigure.web.servlet.WebMvcTestContextBootstrapper - Using TestExecutionListeners: [org.springframework.test.context.web.ServletTestExecutionListener@72889280, org.springframework.test.context.support.DirtiesContextBeforeModesTestExecutionListener@606fc505, org.springframework.test.context.event.ApplicationEventsTestExecutionListener@4aa3d36, org.springframework.boot.test.mock.mockito.MockitoTestExecutionListener@2d140a7, org.springframework.boot.test.autoconfigure.SpringBootDependencyInjectionTestExecutionListener@347bdeef, org.springframework.test.context.support.DirtiesContextTestExecutionListener@2aa27288, org.springframework.test.context.transaction.TransactionalTestExecutionListener@7f34a967, org.springframework.test.context.jdbc.SqlScriptsTestExecutionListener@77e80a5e, org.springframework.test.context.event.EventPublishingTestExecutionListener@1d8e2eea, org.springframework.boot.test.mock.mockito.ResetMocksTestExecutionListener@240139e1, org.springframework.boot.test.autoconfigure.restdocs.RestDocsTestExecutionListener@7ea4d397, org.springframework.boot.test.autoconfigure.web.client.MockRestServiceServerResetTestExecutionListener@49298ce7, org.springframework.boot.test.autoconfigure.web.servlet.MockMvcPrintOnlyOnFailureTestExecutionListener@253c1256, org.springframework.boot.test.autoconfigure.web.servlet.WebDriverTestExecutionListener@8dfe921, org.springframework.boot.test.autoconfigure.webservices.client.MockWebServiceServerTestExecutionListener@503fbbc6]
12:34:47.518 [main] DEBUG org.springframework.test.context.support.AbstractDirtiesContextTestExecutionListener - Before test class: context [DefaultTestContext@55f45b92 testClass = AuthControllerTest, testInstance = [null], testMethod = [null], testException = [null], mergedContextConfiguration = [WebMergedContextConfiguration@109f5dd8 testClass = AuthControllerTest, locations = '{}', classes = '{class tudor.work.AuthorizationApplication}', contextInitializerClasses = '[]', activeProfiles = '{}', propertySourceLocations = '{}', propertySourceProperties = '{org.springframework.boot.test.autoconfigure.web.servlet.WebMvcTestContextBootstrapper=true}', contextCustomizers = set[[ImportsContextCustomizer@67fe380b key = [org.springframework.boot.autoconfigure.cache.CacheAutoConfiguration, org.springframework.boot.autoconfigure.context.MessageSourceAutoConfiguration, org.springframework.boot.autoconfigure.data.web.SpringDataWebAutoConfiguration, org.springframework.boot.autoconfigure.freemarker.FreeMarkerAutoConfiguration, org.springframework.boot.autoconfigure.groovy.template.GroovyTemplateAutoConfiguration, org.springframework.boot.autoconfigure.gson.GsonAutoConfiguration, org.springframework.boot.autoconfigure.hateoas.HypermediaAutoConfiguration, org.springframework.boot.autoconfigure.http.HttpMessageConvertersAutoConfiguration, org.springframework.boot.autoconfigure.jackson.JacksonAutoConfiguration, org.springframework.boot.autoconfigure.jsonb.JsonbAutoConfiguration, org.springframework.boot.autoconfigure.mustache.MustacheAutoConfiguration, org.springframework.boot.autoconfigure.task.TaskExecutionAutoConfiguration, org.springframework.boot.autoconfigure.thymeleaf.ThymeleafAutoConfiguration, org.springframework.boot.autoconfigure.validation.ValidationAutoConfiguration, org.springframework.boot.autoconfigure.web.servlet.error.ErrorMvcAutoConfiguration, org.springframework.boot.autoconfigure.web.servlet.HttpEncodingAutoConfiguration, org.springframework.boot.autoconfigure.web.servlet.WebMvcAutoConfiguration, org.springframework.boot.test.autoconfigure.web.servlet.MockMvcAutoConfiguration, org.springframework.boot.test.autoconfigure.web.servlet.MockMvcWebClientAutoConfiguration, org.springframework.boot.test.autoconfigure.web.servlet.MockMvcWebDriverAutoConfiguration, org.springframework.boot.autoconfigure.security.oauth2.client.servlet.OAuth2ClientAutoConfiguration, org.springframework.boot.autoconfigure.security.oauth2.resource.servlet.OAuth2ResourceServerAutoConfiguration, org.springframework.boot.autoconfigure.security.servlet.SecurityAutoConfiguration, org.springframework.boot.autoconfigure.security.servlet.SecurityFilterAutoConfiguration, org.springframework.boot.autoconfigure.security.servlet.UserDetailsServiceAutoConfiguration, org.springframework.boot.test.autoconfigure.web.servlet.MockMvcSecurityConfiguration]], org.springframework.boot.test.context.filter.ExcludeFilterContextCustomizer@3b6d844d, org.springframework.boot.test.json.DuplicateJsonObjectContextCustomizerFactory$DuplicateJsonObjectContextCustomizer@730d2164, org.springframework.boot.test.mock.mockito.MockitoContextCustomizer@58e1f95b, org.springframework.boot.test.autoconfigure.OverrideAutoConfigurationContextCustomizerFactory$DisableAutoConfigurationContextCustomizer@3359c978, org.springframework.boot.test.autoconfigure.actuate.metrics.MetricsExportContextCustomizerFactory$DisableMetricExportContextCustomizer@7d7758be, org.springframework.boot.test.autoconfigure.filter.TypeExcludeFiltersContextCustomizer@802dcd6, org.springframework.boot.test.autoconfigure.properties.PropertyMappingContextCustomizer@3f675588, org.springframework.boot.test.autoconfigure.web.servlet.WebDriverContextCustomizerFactory$Customizer@62656be4, org.springframework.boot.test.context.SpringBootTestArgs@1, org.springframework.boot.test.context.SpringBootTestWebEnvironment@0], resourceBasePath = 'src/main/webapp', contextLoader = 'org.springframework.boot.test.context.SpringBootContextLoader', parent = [null]], attributes = map[[empty]]], class annotated with @DirtiesContext [false] with mode [null].
12:34:47.619 [main] DEBUG org.springframework.boot.ApplicationServletEnvironment - Activating profiles []
12:34:47.630 [main] DEBUG org.springframework.test.context.support.TestPropertySourceUtils - Adding inlined properties to environment: {spring.jmx.enabled=false, org.springframework.boot.test.autoconfigure.web.servlet.WebMvcTestContextBootstrapper=true}
_______       ___________              _____             __________
___    |___  ___  /___  /_________________(_)___________ __  /___(_)____________
__  /| |  / / /  __/_  __ \  __ \_  ___/_  /___  /_  __ `/  __/_  /_  __ \_  __ \
_  ___ / /_/ // /_ _  / / / /_/ /  /   _  / __  /_/ /_/ // /_ _  / / /_/ /  / / /
/_/  |_\__,_/ \__/ /_/ /_/\____//_/    /_/  _____/\__,_/ \__/ /_/  \____//_/ /_/
2024-07-11 12:34:48.634  INFO 13048 --- [           main] tudor.work.auth.AuthControllerTest       : Starting AuthControllerTest using Java 17.0.7 on Tudor-NB with PID 13048 (started by Tudor in C:\Users\Tudor\Desktop\Facultate\Licenta2023\fittness-app\parent-module\authorization)
2024-07-11 12:34:48.638  INFO 13048 --- [           main] tudor.work.auth.AuthControllerTest       : The following profiles are active: prod
2024-07-11 12:34:51.862 DEBUG 13048 --- [           main] edFilterInvocationSecurityMetadataSource : Adding web access control expression [authenticated] for any request
2024-07-11 12:34:51.911  INFO 13048 --- [           main] o.s.s.web.DefaultSecurityFilterChain     : Will secure any request with [org.springframework.security.web.context.request.async.WebAsyncManagerIntegrationFilter@722b3ba2, org.springframework.security.web.context.SecurityContextPersistenceFilter@5c1dd18, org.springframework.security.web.header.HeaderWriterFilter@2375a976, org.springframework.security.web.csrf.CsrfFilter@6e017950, org.springframework.security.web.authentication.logout.LogoutFilter@686e7513, org.springframework.security.web.authentication.UsernamePasswordAuthenticationFilter@16944b58, org.springframework.security.web.authentication.ui.DefaultLoginPageGeneratingFilter@14b26e90, org.springframework.security.web.authentication.ui.DefaultLogoutPageGeneratingFilter@6487f7f8, org.springframework.security.web.authentication.www.BasicAuthenticationFilter@361f26b4, org.springframework.security.web.savedrequest.RequestCacheAwareFilter@7b2d58e6, org.springframework.security.web.servletapi.SecurityContextHolderAwareRequestFilter@36cf16a6, org.springframework.security.web.authentication.AnonymousAuthenticationFilter@2b62475a, org.springframework.security.web.session.SessionManagementFilter@bb6869a, org.springframework.security.web.access.ExceptionTranslationFilter@573870cb, org.springframework.security.web.access.intercept.FilterSecurityInterceptor@65503a26]
2024-07-11 12:34:52.056  INFO 13048 --- [           main] o.s.b.t.m.w.SpringBootMockServletContext : Initializing Spring TestDispatcherServlet ''
2024-07-11 12:34:52.056  INFO 13048 --- [           main] o.s.t.web.servlet.TestDispatcherServlet  : Initializing Servlet ''
2024-07-11 12:34:52.057  INFO 13048 --- [           main] o.s.t.web.servlet.TestDispatcherServlet  : Completed initialization in 1 ms
2024-07-11 12:34:52.095  INFO 13048 --- [           main] tudor.work.auth.AuthControllerTest       : Started AuthControllerTest in 4.463 seconds (JVM running for 6.647)
]]></system-out>
  </testcase>
  <testcase name="AuthController_login_ResponseEntitiy_FORBIDDEN" classname="tudor.work.auth.AuthControllerTest" time="0.016"/>
  <testcase name="AuthController_validateToken_ResponseEntity" classname="tudor.work.auth.AuthControllerTest" time="0.024"/>
  <testcase name="AuthController_regiser_ResponseEntity_BADREQUEST" classname="tudor.work.auth.AuthControllerTest" time="0.015"/>
  <testcase name="AuthController_login_ResponseEntitiy" classname="tudor.work.auth.AuthControllerTest" time="0.01"/>
  <testcase name="AuthController_forgotPassword_ResponseEntity_BADREQUEST" classname="tudor.work.auth.AuthControllerTest" time="0.011">
    <system-out><![CDATA[2024-07-11 12:34:52.553  WARN 13048 --- [           main] .w.s.m.s.DefaultHandlerExceptionResolver : Resolved [org.springframework.http.converter.HttpMessageNotReadableException: Required request body is missing: public org.springframework.http.ResponseEntity<?> tudor.work.auth.AuthController.forgotPasswordHandler(java.util.Map<java.lang.String, java.lang.String>)]
]]></system-out>
  </testcase>
  <testcase name="AuthController_forgotPassword_ResponseEntity" classname="tudor.work.auth.AuthControllerTest" time="0.021"/>
</testsuite>